<?xml version="1.0" encoding="UTF-8"?>
<testng-results ignored="0" total="1" passed="0" failed="1" skipped="0">
  <reporter-output>
  </reporter-output>
  <suite started-at="2021-11-15T22:54:10 TRT" name="Default suite" finished-at="2021-11-15T22:54:27 TRT" duration-ms="17023">
    <groups>
    </groups>
    <test started-at="2021-11-15T22:54:10 TRT" name="Default test" finished-at="2021-11-15T22:54:27 TRT" duration-ms="17023">
      <class name="dolap.TestCokutanFavoriSil">
        <test-method is-config="true" signature="setupAppium()[pri:0, instance:dolap.TestCokutanFavoriSil@4e91d63f]" started-at="2021-11-15T22:54:06 TRT" name="setupAppium" finished-at="2021-11-15T22:54:10 TRT" duration-ms="3789" status="PASS">
          <reporter-output>
          </reporter-output>
        </test-method> <!-- setupAppium -->
        <test-method signature="testBasicNoTitle()[pri:0, instance:dolap.TestCokutanFavoriSil@4e91d63f]" started-at="2021-11-15T22:54:10 TRT" name="testBasicNoTitle" finished-at="2021-11-15T22:54:27 TRT" duration-ms="16980" status="FAIL">
          <exception class="org.openqa.selenium.NoSuchElementException">
            <message>
              <![CDATA[An element could not be located on the page using the given search parameters.
For documentation on this error, please visit: https://www.seleniumhq.org/exceptions/no_such_element.html
Build info: version: '3.141.59', revision: 'e82be7d358', time: '2018-11-14T08:17:03'
System info: host: 'caglas-MBP.home', ip: 'fe80:0:0:0:4af:f0c:e592:7e24%en0', os.name: 'Mac OS X', os.arch: 'x86_64', os.version: '12.0.1', java.version: '17'
Driver info: io.appium.java_client.android.AndroidDriver
Capabilities {appActivity: com.dolap.android.init.ui.S..., appPackage: com.dolap.android, automationName: UiAutomator1, browserName: , databaseEnabled: false, desired: {appActivity: com.dolap.android.init.ui.S..., appPackage: com.dolap.android, automationName: UiAutomator1, browserName: , deviceName: emulator-5554, fullReset: false, noReset: true, platformName: android, platformVersion: 7.1.1}, deviceManufacturer: OnePlus, deviceModel: ONEPLUS A5000, deviceName: emulator-5554, deviceScreenSize: 1280x720, deviceUDID: emulator-5554, fullReset: false, javascriptEnabled: true, locationContextEnabled: false, networkConnectionEnabled: true, noReset: true, platform: LINUX, platformName: ANDROID, platformVersion: 7.1.1, takesScreenshot: true, warnings: {}, webStorageEnabled: false}
Session ID: 90e7d82b-4db7-4a5e-a9d4-3a697c91f973
*** Element info: {Using=id, value=com.dolap.android:id/imageViewFavorite}]]>
            </message>
            <full-stacktrace>
              <![CDATA[org.openqa.selenium.NoSuchElementException: An element could not be located on the page using the given search parameters.
For documentation on this error, please visit: https://www.seleniumhq.org/exceptions/no_such_element.html
Build info: version: '3.141.59', revision: 'e82be7d358', time: '2018-11-14T08:17:03'
System info: host: 'caglas-MBP.home', ip: 'fe80:0:0:0:4af:f0c:e592:7e24%en0', os.name: 'Mac OS X', os.arch: 'x86_64', os.version: '12.0.1', java.version: '17'
Driver info: io.appium.java_client.android.AndroidDriver
Capabilities {appActivity: com.dolap.android.init.ui.S..., appPackage: com.dolap.android, automationName: UiAutomator1, browserName: , databaseEnabled: false, desired: {appActivity: com.dolap.android.init.ui.S..., appPackage: com.dolap.android, automationName: UiAutomator1, browserName: , deviceName: emulator-5554, fullReset: false, noReset: true, platformName: android, platformVersion: 7.1.1}, deviceManufacturer: OnePlus, deviceModel: ONEPLUS A5000, deviceName: emulator-5554, deviceScreenSize: 1280x720, deviceUDID: emulator-5554, fullReset: false, javascriptEnabled: true, locationContextEnabled: false, networkConnectionEnabled: true, noReset: true, platform: LINUX, platformName: ANDROID, platformVersion: 7.1.1, takesScreenshot: true, warnings: {}, webStorageEnabled: false}
Session ID: 90e7d82b-4db7-4a5e-a9d4-3a697c91f973
*** Element info: {Using=id, value=com.dolap.android:id/imageViewFavorite}
at java.base/jdk.internal.reflect.NativeConstructorAccessorImpl.newInstance0(Native Method)
at java.base/jdk.internal.reflect.NativeConstructorAccessorImpl.newInstance(NativeConstructorAccessorImpl.java:77)
at java.base/jdk.internal.reflect.DelegatingConstructorAccessorImpl.newInstance(DelegatingConstructorAccessorImpl.java:45)
at java.base/java.lang.reflect.Constructor.newInstanceWithCaller(Constructor.java:499)
at java.base/java.lang.reflect.Constructor.newInstance(Constructor.java:480)
at org.openqa.selenium.remote.http.W3CHttpResponseCodec.createException(W3CHttpResponseCodec.java:187)
at org.openqa.selenium.remote.http.W3CHttpResponseCodec.decode(W3CHttpResponseCodec.java:122)
at org.openqa.selenium.remote.http.W3CHttpResponseCodec.decode(W3CHttpResponseCodec.java:49)
at org.openqa.selenium.remote.HttpCommandExecutor.execute(HttpCommandExecutor.java:158)
at io.appium.java_client.remote.AppiumCommandExecutor.execute(AppiumCommandExecutor.java:250)
at org.openqa.selenium.remote.RemoteWebDriver.execute(RemoteWebDriver.java:552)
at io.appium.java_client.DefaultGenericMobileDriver.execute(DefaultGenericMobileDriver.java:41)
at io.appium.java_client.AppiumDriver.execute(AppiumDriver.java:1)
at io.appium.java_client.android.AndroidDriver.execute(AndroidDriver.java:1)
at org.openqa.selenium.remote.RemoteWebDriver.findElement(RemoteWebDriver.java:323)
at io.appium.java_client.DefaultGenericMobileDriver.findElement(DefaultGenericMobileDriver.java:61)
at io.appium.java_client.AppiumDriver.findElement(AppiumDriver.java:1)
at io.appium.java_client.android.AndroidDriver.findElement(AndroidDriver.java:1)
at org.openqa.selenium.remote.RemoteWebDriver.findElementById(RemoteWebDriver.java:372)
at io.appium.java_client.DefaultGenericMobileDriver.findElementById(DefaultGenericMobileDriver.java:69)
at io.appium.java_client.AppiumDriver.findElementById(AppiumDriver.java:1)
at io.appium.java_client.android.AndroidDriver.findElementById(AndroidDriver.java:1)
at org.openqa.selenium.By$ById.findElement(By.java:188)
at org.openqa.selenium.remote.RemoteWebDriver.findElement(RemoteWebDriver.java:315)
at io.appium.java_client.DefaultGenericMobileDriver.findElement(DefaultGenericMobileDriver.java:57)
at io.appium.java_client.AppiumDriver.findElement(AppiumDriver.java:1)
at io.appium.java_client.android.AndroidDriver.findElement(AndroidDriver.java:1)
at dolap.TestCokutanFavoriSil.cleanupProduct(TestCokutanFavoriSil.java:121)
at dolap.TestCokutanFavoriSil.handleTwoListings(TestCokutanFavoriSil.java:105)
at dolap.TestCokutanFavoriSil.doProductCleanupJobs(TestCokutanFavoriSil.java:92)
at dolap.TestCokutanFavoriSil.testBasicNoTitle(TestCokutanFavoriSil.java:85)
at java.base/jdk.internal.reflect.NativeMethodAccessorImpl.invoke0(Native Method)
at java.base/jdk.internal.reflect.NativeMethodAccessorImpl.invoke(NativeMethodAccessorImpl.java:77)
at java.base/jdk.internal.reflect.DelegatingMethodAccessorImpl.invoke(DelegatingMethodAccessorImpl.java:43)
at java.base/java.lang.reflect.Method.invoke(Method.java:568)
at org.testng.internal.MethodInvocationHelper.invokeMethod(MethodInvocationHelper.java:133)
at org.testng.internal.TestInvoker.invokeMethod(TestInvoker.java:598)
at org.testng.internal.TestInvoker.invokeTestMethod(TestInvoker.java:173)
at org.testng.internal.MethodRunner.runInSequence(MethodRunner.java:46)
at org.testng.internal.TestInvoker$MethodInvocationAgent.invoke(TestInvoker.java:824)
at org.testng.internal.TestInvoker.invokeTestMethods(TestInvoker.java:146)
at org.testng.internal.TestMethodWorker.invokeTestMethods(TestMethodWorker.java:146)
at org.testng.internal.TestMethodWorker.run(TestMethodWorker.java:128)
at java.base/java.util.ArrayList.forEach(ArrayList.java:1511)
at org.testng.TestRunner.privateRun(TestRunner.java:794)
at org.testng.TestRunner.run(TestRunner.java:596)
at org.testng.SuiteRunner.runTest(SuiteRunner.java:377)
at org.testng.SuiteRunner.runSequentially(SuiteRunner.java:371)
at org.testng.SuiteRunner.privateRun(SuiteRunner.java:332)
at org.testng.SuiteRunner.run(SuiteRunner.java:276)
at org.testng.SuiteRunnerWorker.runSuite(SuiteRunnerWorker.java:53)
at org.testng.SuiteRunnerWorker.run(SuiteRunnerWorker.java:96)
at org.testng.TestNG.runSuitesSequentially(TestNG.java:1212)
at org.testng.TestNG.runSuitesLocally(TestNG.java:1134)
at org.testng.TestNG.runSuites(TestNG.java:1063)
at org.testng.TestNG.run(TestNG.java:1031)
at org.testng.remote.AbstractRemoteTestNG.run(AbstractRemoteTestNG.java:115)
at org.testng.remote.RemoteTestNG.initAndRun(RemoteTestNG.java:251)
at org.testng.remote.RemoteTestNG.main(RemoteTestNG.java:77)
]]>
            </full-stacktrace>
          </exception> <!-- org.openqa.selenium.NoSuchElementException -->
          <reporter-output>
          </reporter-output>
        </test-method> <!-- testBasicNoTitle -->
      </class> <!-- dolap.TestCokutanFavoriSil -->
    </test> <!-- Default test -->
  </suite> <!-- Default suite -->
</testng-results>
