<?xml version="1.0" encoding="UTF-8"?>
<!-- Generated by org.testng.reporters.JUnitXMLReporter -->
<testsuite ignored="0" hostname="caglas-MBP.home" failures="0" tests="1" name="Default test" time="0.021" errors="0" timestamp="2022-04-06T22:06:57 TRT">
  <testcase classname="dolap.TestCokutanFavoriSil" name="@BeforeSuite setupAppium" time="47.488">
    <failure type="org.openqa.selenium.SessionNotCreatedException" message="Could not start a new session. Response code 500. Message: An unknown server-side error occurred while processing the command. Original error: Cannot start the &amp;apos;com.dolap.android&amp;apos; application. Visit https://github.com/appium/appium/blob/master/docs/en/writing-running-appium/android/activity-startup.md for troubleshooting. Original error: Error executing adbExec. Original error: &amp;apos;Command &amp;apos;/Users/cokutan/Documents/cmdline-tools/platform-tools/adb -P 5037 -s 192.168.1.21\:5555 shell am start -W -n com.dolap.android/com.dolap.android.init.ui.SplashActivity -S -a android.intent.action.MAIN -c android.intent.category.LAUNCHER -f 0x10200000&amp;apos; timed out after 20000ms&amp;apos;. Try to increase the 20000ms adb execution timeout represented by &amp;apos;adbExecTimeout&amp;apos; capability
Build info: version: &amp;apos;4.1.2&amp;apos;, revision: &amp;apos;9a5a329c5a&amp;apos;
System info: host: &amp;apos;caglas-MBP.home&amp;apos;, ip: &amp;apos;fe80:0:0:0:1c95:cb79:401:5701%en0&amp;apos;, os.name: &amp;apos;Mac OS X&amp;apos;, os.arch: &amp;apos;x86_64&amp;apos;, os.version: &amp;apos;12.2.1&amp;apos;, java.version: &amp;apos;17&amp;apos;
Driver info: io.appium.java_client.android.AndroidDriver
Command: [null, newSession {capabilities=[{appium:appActivity=com.dolap.android.init.ui.SplashActivity, appium:appPackage=com.dolap.android, appium:automationName=UiAutomator1, browserName=, appium:deviceId=192.168.1.21:5555, appium:deviceName=S7, appium:fullReset=false, appium:noReset=true, platformName=ANDROID, appium:platformVersion=8.0, appium:resetKeyboard=true, appium:unicodeKeyboard=true}], desiredCapabilities=Capabilities {appActivity: com.dolap.android.init.ui.S..., appPackage: com.dolap.android, automationName: UiAutomator1, browserName: , deviceId: 192.168.1.21:5555, deviceName: S7, fullReset: false, noReset: true, platformName: ANDROID, platformVersion: 8.0, resetKeyboard: true, unicodeKeyboard: true}}]
Capabilities {}">
      <![CDATA[org.openqa.selenium.SessionNotCreatedException: Could not start a new session. Response code 500. Message: An unknown server-side error occurred while processing the command. Original error: Cannot start the 'com.dolap.android' application. Visit https://github.com/appium/appium/blob/master/docs/en/writing-running-appium/android/activity-startup.md for troubleshooting. Original error: Error executing adbExec. Original error: 'Command '/Users/cokutan/Documents/cmdline-tools/platform-tools/adb -P 5037 -s 192.168.1.21\:5555 shell am start -W -n com.dolap.android/com.dolap.android.init.ui.SplashActivity -S -a android.intent.action.MAIN -c android.intent.category.LAUNCHER -f 0x10200000' timed out after 20000ms'. Try to increase the 20000ms adb execution timeout represented by 'adbExecTimeout' capability
Build info: version: '4.1.2', revision: '9a5a329c5a'
System info: host: 'caglas-MBP.home', ip: 'fe80:0:0:0:1c95:cb79:401:5701%en0', os.name: 'Mac OS X', os.arch: 'x86_64', os.version: '12.2.1', java.version: '17'
Driver info: io.appium.java_client.android.AndroidDriver
Command: [null, newSession {capabilities=[{appium:appActivity=com.dolap.android.init.ui.SplashActivity, appium:appPackage=com.dolap.android, appium:automationName=UiAutomator1, browserName=, appium:deviceId=192.168.1.21:5555, appium:deviceName=S7, appium:fullReset=false, appium:noReset=true, platformName=ANDROID, appium:platformVersion=8.0, appium:resetKeyboard=true, appium:unicodeKeyboard=true}], desiredCapabilities=Capabilities {appActivity: com.dolap.android.init.ui.S..., appPackage: com.dolap.android, automationName: UiAutomator1, browserName: , deviceId: 192.168.1.21:5555, deviceName: S7, fullReset: false, noReset: true, platformName: ANDROID, platformVersion: 8.0, resetKeyboard: true, unicodeKeyboard: true}}]
Capabilities {}
at org.openqa.selenium.remote.ProtocolHandshake.createSession(ProtocolHandshake.java:126)
at java.base/jdk.internal.reflect.NativeMethodAccessorImpl.invoke0(Native Method)
at java.base/jdk.internal.reflect.NativeMethodAccessorImpl.invoke(NativeMethodAccessorImpl.java:77)
at java.base/jdk.internal.reflect.DelegatingMethodAccessorImpl.invoke(DelegatingMethodAccessorImpl.java:43)
at java.base/java.lang.reflect.Method.invoke(Method.java:568)
at io.appium.java_client.remote.AppiumProtocolHandshake.createSession(AppiumProtocolHandshake.java:126)
at io.appium.java_client.remote.AppiumProtocolHandshake.createSession(AppiumProtocolHandshake.java:102)
at io.appium.java_client.remote.AppiumCommandExecutor.createSession(AppiumCommandExecutor.java:146)
at io.appium.java_client.remote.AppiumCommandExecutor.execute(AppiumCommandExecutor.java:180)
at org.openqa.selenium.remote.RemoteWebDriver.execute(RemoteWebDriver.java:558)
at io.appium.java_client.AppiumDriver.startSession(AppiumDriver.java:225)
at org.openqa.selenium.remote.RemoteWebDriver.<init>(RemoteWebDriver.java:161)
at io.appium.java_client.AppiumDriver.<init>(AppiumDriver.java:79)
at io.appium.java_client.AppiumDriver.<init>(AppiumDriver.java:87)
at io.appium.java_client.android.AndroidDriver.<init>(AndroidDriver.java:116)
at dolap.TestCokutanFavoriSil.setupAppium(TestCokutanFavoriSil.java:62)
at java.base/jdk.internal.reflect.NativeMethodAccessorImpl.invoke0(Native Method)
at java.base/jdk.internal.reflect.NativeMethodAccessorImpl.invoke(NativeMethodAccessorImpl.java:77)
at java.base/jdk.internal.reflect.DelegatingMethodAccessorImpl.invoke(DelegatingMethodAccessorImpl.java:43)
at java.base/java.lang.reflect.Method.invoke(Method.java:568)
at org.testng.internal.MethodInvocationHelper.invokeMethod(MethodInvocationHelper.java:133)
at org.testng.internal.MethodInvocationHelper.invokeMethodConsideringTimeout(MethodInvocationHelper.java:62)
at org.testng.internal.ConfigInvoker.invokeConfigurationMethod(ConfigInvoker.java:385)
at org.testng.internal.ConfigInvoker.invokeConfigurations(ConfigInvoker.java:321)
at org.testng.SuiteRunner.privateRun(SuiteRunner.java:317)
at org.testng.SuiteRunner.run(SuiteRunner.java:276)
at org.testng.SuiteRunnerWorker.runSuite(SuiteRunnerWorker.java:53)
at org.testng.SuiteRunnerWorker.run(SuiteRunnerWorker.java:96)
at org.testng.TestNG.runSuitesSequentially(TestNG.java:1212)
at org.testng.TestNG.runSuitesLocally(TestNG.java:1134)
at org.testng.TestNG.runSuites(TestNG.java:1063)
at org.testng.TestNG.run(TestNG.java:1031)
at org.testng.remote.AbstractRemoteTestNG.run(AbstractRemoteTestNG.java:115)
at org.testng.remote.RemoteTestNG.initAndRun(RemoteTestNG.java:251)
at org.testng.remote.RemoteTestNG.main(RemoteTestNG.java:77)
]]>
    </failure>
  </testcase> <!-- @BeforeSuite setupAppium -->
  <testcase classname="dolap.TestCokutanFavoriSil" name="testBasicNoTitle" time="0.0">
    <skipped/>
  </testcase> <!-- testBasicNoTitle -->
</testsuite> <!-- Default test -->
