<?xml version="1.0" encoding="UTF-8"?>
<!-- Generated by org.testng.reporters.JUnitXMLReporter -->
<testsuite ignored="0" hostname="caglas-MBP.home" failures="1" tests="1" name="Default test" time="42.796" errors="0" timestamp="2021-11-10T22:24:12 TRT">
  <testcase classname="dolap.TestCokutanFavoriSil" name="testBasicNoTitle" time="42.761">
    <failure type="org.openqa.selenium.WebDriverException" message="An unknown server-side error occurred while processing the command. Original error: The swipe did not complete successfully
Build info: version: &amp;apos;3.141.59&amp;apos;, revision: &amp;apos;e82be7d358&amp;apos;, time: &amp;apos;2018-11-14T08:17:03&amp;apos;
System info: host: &amp;apos;caglas-MBP.home&amp;apos;, ip: &amp;apos;fe80:0:0:0:1459:f53e:1bc2:457a%en0&amp;apos;, os.name: &amp;apos;Mac OS X&amp;apos;, os.arch: &amp;apos;x86_64&amp;apos;, os.version: &amp;apos;11.6&amp;apos;, java.version: &amp;apos;17&amp;apos;
Driver info: io.appium.java_client.android.AndroidDriver
Capabilities {appActivity: com.dolap.android.init.ui.S..., appPackage: com.dolap.android, automationName: UiAutomator1, browserName: , databaseEnabled: false, desired: {appActivity: com.dolap.android.init.ui.S..., appPackage: com.dolap.android, automationName: UiAutomator1, browserName: , deviceId: 192.168.1.21:5555, deviceName: S7, fullReset: false, noReset: true, platformName: android, platformVersion: 8.0}, deviceId: 192.168.1.21:5555, deviceManufacturer: samsung, deviceModel: SM-G930F, deviceName: 192.168.1.21:5555, deviceScreenSize: 1440x2560, deviceUDID: 192.168.1.21:5555, fullReset: false, javascriptEnabled: true, locationContextEnabled: false, networkConnectionEnabled: true, noReset: true, platform: LINUX, platformName: ANDROID, platformVersion: 8.0.0, takesScreenshot: true, warnings: {}, webStorageEnabled: false}
Session ID: 04e0c1ee-2bbb-4008-898e-93dcf2f1d3e3">
      <![CDATA[org.openqa.selenium.WebDriverException: An unknown server-side error occurred while processing the command. Original error: The swipe did not complete successfully
Build info: version: '3.141.59', revision: 'e82be7d358', time: '2018-11-14T08:17:03'
System info: host: 'caglas-MBP.home', ip: 'fe80:0:0:0:1459:f53e:1bc2:457a%en0', os.name: 'Mac OS X', os.arch: 'x86_64', os.version: '11.6', java.version: '17'
Driver info: io.appium.java_client.android.AndroidDriver
Capabilities {appActivity: com.dolap.android.init.ui.S..., appPackage: com.dolap.android, automationName: UiAutomator1, browserName: , databaseEnabled: false, desired: {appActivity: com.dolap.android.init.ui.S..., appPackage: com.dolap.android, automationName: UiAutomator1, browserName: , deviceId: 192.168.1.21:5555, deviceName: S7, fullReset: false, noReset: true, platformName: android, platformVersion: 8.0}, deviceId: 192.168.1.21:5555, deviceManufacturer: samsung, deviceModel: SM-G930F, deviceName: 192.168.1.21:5555, deviceScreenSize: 1440x2560, deviceUDID: 192.168.1.21:5555, fullReset: false, javascriptEnabled: true, locationContextEnabled: false, networkConnectionEnabled: true, noReset: true, platform: LINUX, platformName: ANDROID, platformVersion: 8.0.0, takesScreenshot: true, warnings: {}, webStorageEnabled: false}
Session ID: 04e0c1ee-2bbb-4008-898e-93dcf2f1d3e3
at java.base/jdk.internal.reflect.NativeConstructorAccessorImpl.newInstance0(Native Method)
at java.base/jdk.internal.reflect.NativeConstructorAccessorImpl.newInstance(NativeConstructorAccessorImpl.java:77)
at java.base/jdk.internal.reflect.DelegatingConstructorAccessorImpl.newInstance(DelegatingConstructorAccessorImpl.java:45)
at java.base/java.lang.reflect.Constructor.newInstanceWithCaller(Constructor.java:499)
at java.base/java.lang.reflect.Constructor.newInstance(Constructor.java:480)
at org.openqa.selenium.remote.http.W3CHttpResponseCodec.createException(W3CHttpResponseCodec.java:187)
at org.openqa.selenium.remote.http.W3CHttpResponseCodec.decode(W3CHttpResponseCodec.java:122)
at org.openqa.selenium.remote.http.W3CHttpResponseCodec.decode(W3CHttpResponseCodec.java:49)
at org.openqa.selenium.remote.HttpCommandExecutor.execute(HttpCommandExecutor.java:158)
at io.appium.java_client.remote.AppiumCommandExecutor.execute(AppiumCommandExecutor.java:250)
at org.openqa.selenium.remote.RemoteWebDriver.execute(RemoteWebDriver.java:552)
at io.appium.java_client.DefaultGenericMobileDriver.execute(DefaultGenericMobileDriver.java:41)
at io.appium.java_client.AppiumDriver.execute(AppiumDriver.java:1)
at io.appium.java_client.android.AndroidDriver.execute(AndroidDriver.java:1)
at io.appium.java_client.PerformsTouchActions.performTouchAction(PerformsTouchActions.java:41)
at io.appium.java_client.TouchAction.perform(TouchAction.java:187)
at dolap.TestCokutanFavoriSil.swipeVertical(TestCokutanFavoriSil.java:168)
at dolap.TestCokutanFavoriSil.cleanupProduct(TestCokutanFavoriSil.java:120)
at dolap.TestCokutanFavoriSil.handleTwoListings(TestCokutanFavoriSil.java:109)
at dolap.TestCokutanFavoriSil.doProductCleanupJobs(TestCokutanFavoriSil.java:90)
at dolap.TestCokutanFavoriSil.testBasicNoTitle(TestCokutanFavoriSil.java:83)
at java.base/jdk.internal.reflect.NativeMethodAccessorImpl.invoke0(Native Method)
at java.base/jdk.internal.reflect.NativeMethodAccessorImpl.invoke(NativeMethodAccessorImpl.java:77)
at java.base/jdk.internal.reflect.DelegatingMethodAccessorImpl.invoke(DelegatingMethodAccessorImpl.java:43)
at java.base/java.lang.reflect.Method.invoke(Method.java:568)
at org.testng.internal.MethodInvocationHelper.invokeMethod(MethodInvocationHelper.java:133)
at org.testng.internal.TestInvoker.invokeMethod(TestInvoker.java:598)
at org.testng.internal.TestInvoker.invokeTestMethod(TestInvoker.java:173)
at org.testng.internal.MethodRunner.runInSequence(MethodRunner.java:46)
at org.testng.internal.TestInvoker$MethodInvocationAgent.invoke(TestInvoker.java:824)
at org.testng.internal.TestInvoker.invokeTestMethods(TestInvoker.java:146)
at org.testng.internal.TestMethodWorker.invokeTestMethods(TestMethodWorker.java:146)
at org.testng.internal.TestMethodWorker.run(TestMethodWorker.java:128)
at java.base/java.util.ArrayList.forEach(ArrayList.java:1511)
at org.testng.TestRunner.privateRun(TestRunner.java:794)
at org.testng.TestRunner.run(TestRunner.java:596)
at org.testng.SuiteRunner.runTest(SuiteRunner.java:377)
at org.testng.SuiteRunner.runSequentially(SuiteRunner.java:371)
at org.testng.SuiteRunner.privateRun(SuiteRunner.java:332)
at org.testng.SuiteRunner.run(SuiteRunner.java:276)
at org.testng.SuiteRunnerWorker.runSuite(SuiteRunnerWorker.java:53)
at org.testng.SuiteRunnerWorker.run(SuiteRunnerWorker.java:96)
at org.testng.TestNG.runSuitesSequentially(TestNG.java:1212)
at org.testng.TestNG.runSuitesLocally(TestNG.java:1134)
at org.testng.TestNG.runSuites(TestNG.java:1063)
at org.testng.TestNG.run(TestNG.java:1031)
at org.testng.remote.AbstractRemoteTestNG.run(AbstractRemoteTestNG.java:115)
at org.testng.remote.RemoteTestNG.initAndRun(RemoteTestNG.java:251)
at org.testng.remote.RemoteTestNG.main(RemoteTestNG.java:77)
]]>
    </failure>
  </testcase> <!-- testBasicNoTitle -->
</testsuite> <!-- Default test -->
